[21-01-2025 22:08:08.068 INFO com.nopcommerce.account.Level_14_Log4j] - User_01_Register - STEP 01: openRegisterPage
[21-01-2025 22:08:08.165 INFO com.nopcommerce.account.Level_14_Log4j] - User_01_Register - STEP 02: enterToFirstNameTextBox John
[21-01-2025 22:08:08.207 INFO com.nopcommerce.account.Level_14_Log4j] - User_01_Register - STEP 03: enterToLasttNameTextBox Philip
[21-01-2025 22:08:08.232 INFO com.nopcommerce.account.Level_14_Log4j] - User_01_Register - STEP 04: enterToEmailTextBox John11193@kennedy.us
[21-01-2025 22:08:08.253 INFO com.nopcommerce.account.Level_14_Log4j] - User_01_Register - STEP 05: enterToPasswordTextBox Aa@123456
[21-01-2025 22:08:08.281 INFO com.nopcommerce.account.Level_14_Log4j] - User_01_Register - STEP 06: enterToconfirmPasswordTextBox Aa@123456
[21-01-2025 22:08:08.307 INFO com.nopcommerce.account.Level_14_Log4j] - User_01_Register - STEP 07: clickToRegisterButton 
[21-01-2025 22:08:08.430 INFO com.nopcommerce.account.Level_14_Log4j] - User_01_Register - STEP 08: getRegisterSuccessMessageText 
[21-01-2025 22:08:08.444 INFO com.nopcommerce.account.Level_14_Log4j] - User_01_Register - STEP 09: clickToLogOutButton 
[21-01-2025 22:29:43.707 INFO com.nopcommerce.account.Level_14_Log4j] - User_01_Register - STEP 01: openRegisterPage
[21-01-2025 22:29:43.812 INFO com.nopcommerce.account.Level_14_Log4j] - User_01_Register - STEP 02: enterToFirstNameTextBox John
[21-01-2025 22:29:43.850 INFO com.nopcommerce.account.Level_14_Log4j] - User_01_Register - STEP 03: enterToLasttNameTextBox Philip
[21-01-2025 22:29:43.878 INFO com.nopcommerce.account.Level_14_Log4j] - User_01_Register - STEP 04: enterToEmailTextBox John13218@kennedy.us
[21-01-2025 22:29:43.903 INFO com.nopcommerce.account.Level_14_Log4j] - User_01_Register - STEP 05: enterToPasswordTextBox Aa@123456
[21-01-2025 22:29:43.931 INFO com.nopcommerce.account.Level_14_Log4j] - User_01_Register - STEP 06: enterToconfirmPasswordTextBox Aa@123456
[21-01-2025 22:29:43.955 INFO com.nopcommerce.account.Level_14_Log4j] - User_01_Register - STEP 07: clickToRegisterButton 
[21-01-2025 22:29:44.082 INFO com.nopcommerce.account.Level_14_Log4j] - User_01_Register - STEP 08: getRegisterSuccessMessageText 
[21-01-2025 22:29:44.098 INFO com.nopcommerce.account.Level_14_Log4j] - User_01_Register - STEP 09: clickToLogOutButton 
[21-01-2025 22:39:35.817 INFO com.nopcommerce.account.Level_14_Log4j] - User_01_Register - STEP 01: openRegisterPage
[21-01-2025 22:39:35.914 INFO com.nopcommerce.account.Level_14_Log4j] - User_01_Register - STEP 02: enterToFirstNameTextBox John
[21-01-2025 22:39:35.953 INFO com.nopcommerce.account.Level_14_Log4j] - User_01_Register - STEP 03: enterToLasttNameTextBox Philip
[21-01-2025 22:39:35.974 INFO com.nopcommerce.account.Level_14_Log4j] - User_01_Register - STEP 04: enterToEmailTextBox John5585@kennedy.us
[21-01-2025 22:39:35.999 INFO com.nopcommerce.account.Level_14_Log4j] - User_01_Register - STEP 05: enterToPasswordTextBox Aa@123456
[21-01-2025 22:39:36.023 INFO com.nopcommerce.account.Level_14_Log4j] - User_01_Register - STEP 06: enterToconfirmPasswordTextBox Aa@123456
[21-01-2025 22:39:36.050 INFO com.nopcommerce.account.Level_14_Log4j] - User_01_Register - STEP 07: clickToRegisterButton 
[21-01-2025 22:39:36.164 INFO com.nopcommerce.account.Level_14_Log4j] - User_01_Register - STEP 08: getRegisterSuccessMessageText 
[21-01-2025 22:39:36.180 INFO com.nopcommerce.account.Level_14_Log4j] - User_01_Register - STEP 09: clickToLogOutButton 
[21-01-2025 22:45:40.777 INFO com.nopcommerce.account.Level_14_Log4j] - User_01_Register - STEP 01: openRegisterPage
[21-01-2025 22:45:40.866 INFO com.nopcommerce.account.Level_14_Log4j] - User_01_Register - STEP 02: enterToFirstNameTextBox John
[21-01-2025 22:45:40.903 INFO com.nopcommerce.account.Level_14_Log4j] - User_01_Register - STEP 03: enterToLasttNameTextBox Philip
[21-01-2025 22:45:40.923 INFO com.nopcommerce.account.Level_14_Log4j] - User_01_Register - STEP 04: enterToEmailTextBox John73330@kennedy.us
[21-01-2025 22:45:40.946 INFO com.nopcommerce.account.Level_14_Log4j] - User_01_Register - STEP 05: enterToPasswordTextBox Aa@123456
[21-01-2025 22:45:40.977 INFO com.nopcommerce.account.Level_14_Log4j] - User_01_Register - STEP 06: enterToconfirmPasswordTextBox Aa@123456
[21-01-2025 22:45:40.998 INFO com.nopcommerce.account.Level_14_Log4j] - User_01_Register - STEP 07: clickToRegisterButton 
[21-01-2025 22:45:41.108 INFO com.nopcommerce.account.Level_14_Log4j] - User_01_Register - STEP 08: getRegisterSuccessMessageText 
[21-01-2025 22:45:41.124 INFO com.nopcommerce.account.Level_14_Log4j] - User_01_Register - STEP 09: clickToLogOutButton 
[21-01-2025 22:45:44.307 INFO com.nopcommerce.account.Level_14_Log4j] - User_01_Register - STEP 01: openRegisterPage
[21-01-2025 22:45:44.411 INFO com.nopcommerce.account.Level_14_Log4j] - User_01_Register - STEP 02: enterToFirstNameTextBox John
[21-01-2025 22:45:44.534 INFO com.nopcommerce.account.Level_14_Log4j] - User_01_Register - STEP 03: enterToLasttNameTextBox Philip
[21-01-2025 22:45:44.586 INFO com.nopcommerce.account.Level_14_Log4j] - User_01_Register - STEP 04: enterToEmailTextBox John72753@kennedy.us
[21-01-2025 22:45:44.639 INFO com.nopcommerce.account.Level_14_Log4j] - User_01_Register - STEP 05: enterToPasswordTextBox Aa@123456
[21-01-2025 22:45:44.696 INFO com.nopcommerce.account.Level_14_Log4j] - User_01_Register - STEP 06: enterToconfirmPasswordTextBox Aa@123456
[21-01-2025 22:45:44.748 INFO com.nopcommerce.account.Level_14_Log4j] - User_01_Register - STEP 07: clickToRegisterButton 
[21-01-2025 22:45:44.887 INFO com.nopcommerce.account.Level_14_Log4j] - User_01_Register - STEP 08: getRegisterSuccessMessageText 
[21-01-2025 22:45:44.909 INFO com.nopcommerce.account.Level_14_Log4j] - User_01_Register - STEP 09: clickToLogOutButton 
[21-01-2025 22:45:47.794 INFO com.nopcommerce.account.Level_14_Log4j] - User_01_Register - STEP 01: openRegisterPage
[21-01-2025 22:45:47.895 INFO com.nopcommerce.account.Level_14_Log4j] - User_01_Register - STEP 02: enterToFirstNameTextBox John
[21-01-2025 22:45:47.998 INFO com.nopcommerce.account.Level_14_Log4j] - User_01_Register - STEP 03: enterToLasttNameTextBox Philip
[21-01-2025 22:45:48.043 INFO com.nopcommerce.account.Level_14_Log4j] - User_01_Register - STEP 04: enterToEmailTextBox John25182@kennedy.us
[21-01-2025 22:45:48.092 INFO com.nopcommerce.account.Level_14_Log4j] - User_01_Register - STEP 05: enterToPasswordTextBox Aa@123456
[21-01-2025 22:45:48.143 INFO com.nopcommerce.account.Level_14_Log4j] - User_01_Register - STEP 06: enterToconfirmPasswordTextBox Aa@123456
[21-01-2025 22:45:48.188 INFO com.nopcommerce.account.Level_14_Log4j] - User_01_Register - STEP 07: clickToRegisterButton 
[21-01-2025 22:45:48.325 INFO com.nopcommerce.account.Level_14_Log4j] - User_01_Register - STEP 08: getRegisterSuccessMessageText 
[21-01-2025 22:45:48.348 INFO com.nopcommerce.account.Level_14_Log4j] - User_01_Register - STEP 09: clickToLogOutButton 
[22-01-2025 22:50:54.421 INFO com.nopcommerce.account.Level_14_Log4j] - User_01_Register - STEP 01: openRegisterPage
[22-01-2025 22:51:36.707 INFO com.nopcommerce.account.Level_14_Log4j] - User_01_Register - STEP 01: openRegisterPage
[22-01-2025 22:57:10.830 INFO com.nopcommerce.account.Level_14_Log4j] - User_01_Register - STEP 01: openRegisterPage
[22-01-2025 22:57:11.454 INFO com.nopcommerce.account.Level_14_Log4j] - User_01_Register - STEP 02: enterToFirstNameTextBox John
[22-01-2025 22:57:11.494 INFO com.nopcommerce.account.Level_14_Log4j] - User_01_Register - STEP 03: enterToLasttNameTextBox Philip
[22-01-2025 22:57:11.516 INFO com.nopcommerce.account.Level_14_Log4j] - User_01_Register - STEP 04: enterToEmailTextBox John44027@kennedy.us
[22-01-2025 22:57:11.541 INFO com.nopcommerce.account.Level_14_Log4j] - User_01_Register - STEP 05: enterToPasswordTextBox Aa@123456
[22-01-2025 22:57:11.563 INFO com.nopcommerce.account.Level_14_Log4j] - User_01_Register - STEP 06: enterToconfirmPasswordTextBox Aa@123456
[22-01-2025 22:57:11.586 INFO com.nopcommerce.account.Level_14_Log4j] - User_01_Register - STEP 07: clickToRegisterButton 
[22-01-2025 22:57:11.941 INFO com.nopcommerce.account.Level_14_Log4j] - User_01_Register - STEP 08: getRegisterSuccessMessageText 
[22-01-2025 22:57:15.994 INFO com.nopcommerce.account.Level_14_Log4j] - User_01_Register - STEP 01: openRegisterPage
[22-01-2025 22:57:16.087 INFO com.nopcommerce.account.Level_14_Log4j] - User_01_Register - STEP 02: enterToFirstNameTextBox John
[22-01-2025 22:57:16.198 INFO com.nopcommerce.account.Level_14_Log4j] - User_01_Register - STEP 03: enterToLasttNameTextBox Philip
[22-01-2025 22:57:16.248 INFO com.nopcommerce.account.Level_14_Log4j] - User_01_Register - STEP 04: enterToEmailTextBox John24217@kennedy.us
[22-01-2025 22:57:16.302 INFO com.nopcommerce.account.Level_14_Log4j] - User_01_Register - STEP 05: enterToPasswordTextBox Aa@123456
[22-01-2025 22:57:16.352 INFO com.nopcommerce.account.Level_14_Log4j] - User_01_Register - STEP 06: enterToconfirmPasswordTextBox Aa@123456
[22-01-2025 22:57:16.402 INFO com.nopcommerce.account.Level_14_Log4j] - User_01_Register - STEP 07: clickToRegisterButton 
[22-01-2025 22:57:16.520 INFO com.nopcommerce.account.Level_14_Log4j] - User_01_Register - STEP 08: getRegisterSuccessMessageText 
[22-01-2025 22:57:20.166 INFO com.nopcommerce.account.Level_14_Log4j] - User_01_Register - STEP 01: openRegisterPage
[22-01-2025 22:57:20.267 INFO com.nopcommerce.account.Level_14_Log4j] - User_01_Register - STEP 02: enterToFirstNameTextBox John
[22-01-2025 22:57:20.366 INFO com.nopcommerce.account.Level_14_Log4j] - User_01_Register - STEP 03: enterToLasttNameTextBox Philip
[22-01-2025 22:57:20.416 INFO com.nopcommerce.account.Level_14_Log4j] - User_01_Register - STEP 04: enterToEmailTextBox John60281@kennedy.us
[22-01-2025 22:57:20.467 INFO com.nopcommerce.account.Level_14_Log4j] - User_01_Register - STEP 05: enterToPasswordTextBox Aa@123456
[22-01-2025 22:57:20.518 INFO com.nopcommerce.account.Level_14_Log4j] - User_01_Register - STEP 06: enterToconfirmPasswordTextBox Aa@123456
[22-01-2025 22:57:20.564 INFO com.nopcommerce.account.Level_14_Log4j] - User_01_Register - STEP 07: clickToRegisterButton 
[22-01-2025 22:57:20.679 INFO com.nopcommerce.account.Level_14_Log4j] - User_01_Register - STEP 08: getRegisterSuccessMessageText 
[22-01-2025 22:58:45.698 INFO com.nopcommerce.account.Level_14_Log4j] - User_01_Register - STEP 01: openRegisterPage
[22-01-2025 22:58:45.790 INFO com.nopcommerce.account.Level_14_Log4j] - User_01_Register - STEP 02: enterToFirstNameTextBox John
[22-01-2025 22:58:45.828 INFO com.nopcommerce.account.Level_14_Log4j] - User_01_Register - STEP 03: enterToLasttNameTextBox Philip
[22-01-2025 22:58:45.850 INFO com.nopcommerce.account.Level_14_Log4j] - User_01_Register - STEP 04: enterToEmailTextBox John50945@kennedy.us
[22-01-2025 22:58:45.875 INFO com.nopcommerce.account.Level_14_Log4j] - User_01_Register - STEP 05: enterToPasswordTextBox Aa@123456
[22-01-2025 22:58:45.897 INFO com.nopcommerce.account.Level_14_Log4j] - User_01_Register - STEP 06: enterToconfirmPasswordTextBox Aa@123456
[22-01-2025 22:58:45.920 INFO com.nopcommerce.account.Level_14_Log4j] - User_01_Register - STEP 07: clickToRegisterButton 
[22-01-2025 22:58:46.048 INFO com.nopcommerce.account.Level_14_Log4j] - User_01_Register - STEP 08: getRegisterSuccessMessageText 
[22-01-2025 22:58:46.064 INFO com.nopcommerce.account.Level_14_Log4j] - User_01_Register - STEP 09: clickToLogOutButton 
[22-01-2025 22:58:49.021 INFO com.nopcommerce.account.Level_14_Log4j] - User_01_Register - STEP 01: openRegisterPage
[22-01-2025 22:58:49.117 INFO com.nopcommerce.account.Level_14_Log4j] - User_01_Register - STEP 02: enterToFirstNameTextBox John
[22-01-2025 22:58:49.227 INFO com.nopcommerce.account.Level_14_Log4j] - User_01_Register - STEP 03: enterToLasttNameTextBox Philip
[22-01-2025 22:58:49.282 INFO com.nopcommerce.account.Level_14_Log4j] - User_01_Register - STEP 04: enterToEmailTextBox John94803@kennedy.us
[22-01-2025 22:58:49.336 INFO com.nopcommerce.account.Level_14_Log4j] - User_01_Register - STEP 05: enterToPasswordTextBox Aa@123456
[22-01-2025 22:58:49.387 INFO com.nopcommerce.account.Level_14_Log4j] - User_01_Register - STEP 06: enterToconfirmPasswordTextBox Aa@123456
[22-01-2025 22:58:49.435 INFO com.nopcommerce.account.Level_14_Log4j] - User_01_Register - STEP 07: clickToRegisterButton 
[22-01-2025 22:58:49.541 INFO com.nopcommerce.account.Level_14_Log4j] - User_01_Register - STEP 08: getRegisterSuccessMessageText 
[22-01-2025 22:58:49.574 INFO com.nopcommerce.account.Level_14_Log4j] - User_01_Register - STEP 09: clickToLogOutButton 
[22-01-2025 22:58:52.591 INFO com.nopcommerce.account.Level_14_Log4j] - User_01_Register - STEP 01: openRegisterPage
[22-01-2025 22:58:52.695 INFO com.nopcommerce.account.Level_14_Log4j] - User_01_Register - STEP 02: enterToFirstNameTextBox John
[22-01-2025 22:58:52.822 INFO com.nopcommerce.account.Level_14_Log4j] - User_01_Register - STEP 03: enterToLasttNameTextBox Philip
[22-01-2025 22:58:52.870 INFO com.nopcommerce.account.Level_14_Log4j] - User_01_Register - STEP 04: enterToEmailTextBox John83133@kennedy.us
[22-01-2025 22:58:52.926 INFO com.nopcommerce.account.Level_14_Log4j] - User_01_Register - STEP 05: enterToPasswordTextBox Aa@123456
[22-01-2025 22:58:52.982 INFO com.nopcommerce.account.Level_14_Log4j] - User_01_Register - STEP 06: enterToconfirmPasswordTextBox Aa@123456
[22-01-2025 22:58:53.025 INFO com.nopcommerce.account.Level_14_Log4j] - User_01_Register - STEP 07: clickToRegisterButton 
[22-01-2025 22:58:53.153 INFO com.nopcommerce.account.Level_14_Log4j] - User_01_Register - STEP 08: getRegisterSuccessMessageText 
[22-01-2025 22:58:53.174 INFO com.nopcommerce.account.Level_14_Log4j] - User_01_Register - STEP 09: clickToLogOutButton 
[22-01-2025 23:00:56.281 INFO com.nopcommerce.account.Level_14_Log4j] - User_01_Register - STEP 01: openRegisterPage
[22-01-2025 23:00:56.370 INFO com.nopcommerce.account.Level_14_Log4j] - User_01_Register - STEP 02: enterToFirstNameTextBox John
[22-01-2025 23:00:56.412 INFO com.nopcommerce.account.Level_14_Log4j] - User_01_Register - STEP 03: enterToLasttNameTextBox Philip
[22-01-2025 23:00:56.435 INFO com.nopcommerce.account.Level_14_Log4j] - User_01_Register - STEP 04: enterToEmailTextBox John10245@kennedy.us
[22-01-2025 23:00:56.459 INFO com.nopcommerce.account.Level_14_Log4j] - User_01_Register - STEP 05: enterToPasswordTextBox Aa@123456
[22-01-2025 23:00:56.482 INFO com.nopcommerce.account.Level_14_Log4j] - User_01_Register - STEP 06: enterToconfirmPasswordTextBox Aa@123456
[22-01-2025 23:00:56.503 INFO com.nopcommerce.account.Level_14_Log4j] - User_01_Register - STEP 07: clickToRegisterButton 
[22-01-2025 23:00:56.606 INFO com.nopcommerce.account.Level_14_Log4j] - User_01_Register - STEP 08: getRegisterSuccessMessageText 
[22-01-2025 23:01:00.327 INFO com.nopcommerce.account.Level_14_Log4j] - User_01_Register - STEP 01: openRegisterPage
[22-01-2025 23:01:00.428 INFO com.nopcommerce.account.Level_14_Log4j] - User_01_Register - STEP 02: enterToFirstNameTextBox John
[22-01-2025 23:01:00.550 INFO com.nopcommerce.account.Level_14_Log4j] - User_01_Register - STEP 03: enterToLasttNameTextBox Philip
[22-01-2025 23:01:00.611 INFO com.nopcommerce.account.Level_14_Log4j] - User_01_Register - STEP 04: enterToEmailTextBox John85249@kennedy.us
[22-01-2025 23:01:00.666 INFO com.nopcommerce.account.Level_14_Log4j] - User_01_Register - STEP 05: enterToPasswordTextBox Aa@123456
[22-01-2025 23:01:00.714 INFO com.nopcommerce.account.Level_14_Log4j] - User_01_Register - STEP 06: enterToconfirmPasswordTextBox Aa@123456
[22-01-2025 23:01:00.763 INFO com.nopcommerce.account.Level_14_Log4j] - User_01_Register - STEP 07: clickToRegisterButton 
[22-01-2025 23:01:00.896 INFO com.nopcommerce.account.Level_14_Log4j] - User_01_Register - STEP 08: getRegisterSuccessMessageText 
[22-01-2025 23:01:04.789 INFO com.nopcommerce.account.Level_14_Log4j] - User_01_Register - STEP 01: openRegisterPage
[22-01-2025 23:01:04.918 INFO com.nopcommerce.account.Level_14_Log4j] - User_01_Register - STEP 02: enterToFirstNameTextBox John
[22-01-2025 23:01:05.018 INFO com.nopcommerce.account.Level_14_Log4j] - User_01_Register - STEP 03: enterToLasttNameTextBox Philip
[22-01-2025 23:01:05.070 INFO com.nopcommerce.account.Level_14_Log4j] - User_01_Register - STEP 04: enterToEmailTextBox John51572@kennedy.us
[22-01-2025 23:01:05.131 INFO com.nopcommerce.account.Level_14_Log4j] - User_01_Register - STEP 05: enterToPasswordTextBox Aa@123456
[22-01-2025 23:01:05.185 INFO com.nopcommerce.account.Level_14_Log4j] - User_01_Register - STEP 06: enterToconfirmPasswordTextBox Aa@123456
[22-01-2025 23:01:05.233 INFO com.nopcommerce.account.Level_14_Log4j] - User_01_Register - STEP 07: clickToRegisterButton 
[22-01-2025 23:01:05.347 INFO com.nopcommerce.account.Level_14_Log4j] - User_01_Register - STEP 08: getRegisterSuccessMessageText 
[22-01-2025 23:05:51.480 INFO com.nopcommerce.account.Level_14_Log4j] - User_01_Register - STEP 01: openRegisterPage
[22-01-2025 23:05:51.573 INFO com.nopcommerce.account.Level_14_Log4j] - User_01_Register - STEP 02: enterToFirstNameTextBox John
[22-01-2025 23:05:51.613 INFO com.nopcommerce.account.Level_14_Log4j] - User_01_Register - STEP 03: enterToLasttNameTextBox Philip
[22-01-2025 23:05:51.636 INFO com.nopcommerce.account.Level_14_Log4j] - User_01_Register - STEP 04: enterToEmailTextBox John43745@kennedy.us
[22-01-2025 23:05:51.660 INFO com.nopcommerce.account.Level_14_Log4j] - User_01_Register - STEP 05: enterToPasswordTextBox Aa@123456
[22-01-2025 23:05:51.685 INFO com.nopcommerce.account.Level_14_Log4j] - User_01_Register - STEP 06: enterToconfirmPasswordTextBox Aa@123456
[22-01-2025 23:05:51.708 INFO com.nopcommerce.account.Level_14_Log4j] - User_01_Register - STEP 07: clickToRegisterButton 
[22-01-2025 23:05:51.823 INFO com.nopcommerce.account.Level_14_Log4j] - User_01_Register - STEP 08: getRegisterSuccessMessageText 
[22-01-2025 23:05:55.896 INFO com.nopcommerce.account.Level_14_Log4j] - User_01_Register - STEP 01: openRegisterPage
[22-01-2025 23:05:55.987 INFO com.nopcommerce.account.Level_14_Log4j] - User_01_Register - STEP 02: enterToFirstNameTextBox John
[22-01-2025 23:05:56.092 INFO com.nopcommerce.account.Level_14_Log4j] - User_01_Register - STEP 03: enterToLasttNameTextBox Philip
[22-01-2025 23:05:56.141 INFO com.nopcommerce.account.Level_14_Log4j] - User_01_Register - STEP 04: enterToEmailTextBox John69330@kennedy.us
[22-01-2025 23:05:56.193 INFO com.nopcommerce.account.Level_14_Log4j] - User_01_Register - STEP 05: enterToPasswordTextBox Aa@123456
[22-01-2025 23:05:56.247 INFO com.nopcommerce.account.Level_14_Log4j] - User_01_Register - STEP 06: enterToconfirmPasswordTextBox Aa@123456
[22-01-2025 23:05:56.296 INFO com.nopcommerce.account.Level_14_Log4j] - User_01_Register - STEP 07: clickToRegisterButton 
[22-01-2025 23:05:56.388 INFO com.nopcommerce.account.Level_14_Log4j] - User_01_Register - STEP 08: getRegisterSuccessMessageText 
[22-01-2025 23:06:00.866 INFO com.nopcommerce.account.Level_14_Log4j] - User_01_Register - STEP 01: openRegisterPage
[22-01-2025 23:06:00.965 INFO com.nopcommerce.account.Level_14_Log4j] - User_01_Register - STEP 02: enterToFirstNameTextBox John
[22-01-2025 23:06:01.072 INFO com.nopcommerce.account.Level_14_Log4j] - User_01_Register - STEP 03: enterToLasttNameTextBox Philip
[22-01-2025 23:06:01.138 INFO com.nopcommerce.account.Level_14_Log4j] - User_01_Register - STEP 04: enterToEmailTextBox John65667@kennedy.us
[22-01-2025 23:06:01.194 INFO com.nopcommerce.account.Level_14_Log4j] - User_01_Register - STEP 05: enterToPasswordTextBox Aa@123456
[22-01-2025 23:06:01.258 INFO com.nopcommerce.account.Level_14_Log4j] - User_01_Register - STEP 06: enterToconfirmPasswordTextBox Aa@123456
[22-01-2025 23:06:01.309 INFO com.nopcommerce.account.Level_14_Log4j] - User_01_Register - STEP 07: clickToRegisterButton 
[22-01-2025 23:06:01.431 INFO com.nopcommerce.account.Level_14_Log4j] - User_01_Register - STEP 08: getRegisterSuccessMessageText 
[22-01-2025 23:12:46.199 INFO com.nopcommerce.account.Level_14_Log4j] - User_01_Register - STEP 01: openRegisterPage
[22-01-2025 23:12:46.304 INFO com.nopcommerce.account.Level_14_Log4j] - User_01_Register - STEP 02: enterToFirstNameTextBox John
[22-01-2025 23:12:46.343 INFO com.nopcommerce.account.Level_14_Log4j] - User_01_Register - STEP 03: enterToLasttNameTextBox Philip
[22-01-2025 23:12:46.363 INFO com.nopcommerce.account.Level_14_Log4j] - User_01_Register - STEP 04: enterToEmailTextBox John38965@kennedy.us
[22-01-2025 23:12:46.388 INFO com.nopcommerce.account.Level_14_Log4j] - User_01_Register - STEP 05: enterToPasswordTextBox Aa@123456
[22-01-2025 23:12:46.415 INFO com.nopcommerce.account.Level_14_Log4j] - User_01_Register - STEP 06: enterToconfirmPasswordTextBox Aa@123456
[22-01-2025 23:12:46.441 INFO com.nopcommerce.account.Level_14_Log4j] - User_01_Register - STEP 07: clickToRegisterButton 
[22-01-2025 23:12:46.580 INFO com.nopcommerce.account.Level_14_Log4j] - User_01_Register - STEP 08: getRegisterSuccessMessageText 
[22-01-2025 23:12:50.869 INFO com.nopcommerce.account.Level_14_Log4j] - User_01_Register - STEP 01: openRegisterPage
[22-01-2025 23:12:50.968 INFO com.nopcommerce.account.Level_14_Log4j] - User_01_Register - STEP 02: enterToFirstNameTextBox John
[22-01-2025 23:12:51.070 INFO com.nopcommerce.account.Level_14_Log4j] - User_01_Register - STEP 03: enterToLasttNameTextBox Philip
[22-01-2025 23:12:51.119 INFO com.nopcommerce.account.Level_14_Log4j] - User_01_Register - STEP 04: enterToEmailTextBox John73794@kennedy.us
[22-01-2025 23:12:51.174 INFO com.nopcommerce.account.Level_14_Log4j] - User_01_Register - STEP 05: enterToPasswordTextBox Aa@123456
[22-01-2025 23:12:51.228 INFO com.nopcommerce.account.Level_14_Log4j] - User_01_Register - STEP 06: enterToconfirmPasswordTextBox Aa@123456
[22-01-2025 23:12:51.280 INFO com.nopcommerce.account.Level_14_Log4j] - User_01_Register - STEP 07: clickToRegisterButton 
[22-01-2025 23:12:51.410 INFO com.nopcommerce.account.Level_14_Log4j] - User_01_Register - STEP 08: getRegisterSuccessMessageText 
[22-01-2025 23:12:55.730 INFO com.nopcommerce.account.Level_14_Log4j] - User_01_Register - STEP 01: openRegisterPage
[22-01-2025 23:12:55.841 INFO com.nopcommerce.account.Level_14_Log4j] - User_01_Register - STEP 02: enterToFirstNameTextBox John
[22-01-2025 23:12:55.951 INFO com.nopcommerce.account.Level_14_Log4j] - User_01_Register - STEP 03: enterToLasttNameTextBox Philip
[22-01-2025 23:12:56.017 INFO com.nopcommerce.account.Level_14_Log4j] - User_01_Register - STEP 04: enterToEmailTextBox John33512@kennedy.us
[22-01-2025 23:12:56.068 INFO com.nopcommerce.account.Level_14_Log4j] - User_01_Register - STEP 05: enterToPasswordTextBox Aa@123456
[22-01-2025 23:12:56.122 INFO com.nopcommerce.account.Level_14_Log4j] - User_01_Register - STEP 06: enterToconfirmPasswordTextBox Aa@123456
[22-01-2025 23:12:56.173 INFO com.nopcommerce.account.Level_14_Log4j] - User_01_Register - STEP 07: clickToRegisterButton 
[22-01-2025 23:12:56.296 INFO com.nopcommerce.account.Level_14_Log4j] - User_01_Register - STEP 08: getRegisterSuccessMessageText 
[24-02-2025 12:19:23.346 INFO com.nopcommerce.account.Level_14_Log4j] - User_01_Register - STEP 01: openRegisterPage
[24-02-2025 12:30:35.634 INFO com.nopcommerce.account.Level_14_Log4j] - User_01_Register - STEP 01: openRegisterPage
[24-02-2025 12:30:36.254 INFO com.nopcommerce.account.Level_14_Log4j] - User_01_Register - STEP 02: enterToFirstNameTextBox John
[24-02-2025 12:30:36.295 INFO com.nopcommerce.account.Level_14_Log4j] - User_01_Register - STEP 03: enterToLasttNameTextBox Philip
[24-02-2025 12:30:36.319 INFO com.nopcommerce.account.Level_14_Log4j] - User_01_Register - STEP 04: enterToEmailTextBox John54855@kennedy.us
[24-02-2025 12:30:36.343 INFO com.nopcommerce.account.Level_14_Log4j] - User_01_Register - STEP 05: enterToPasswordTextBox Aa@123456
[24-02-2025 12:30:36.398 INFO com.nopcommerce.account.Level_14_Log4j] - User_01_Register - STEP 06: enterToconfirmPasswordTextBox Aa@123456
[24-02-2025 12:30:36.429 INFO com.nopcommerce.account.Level_14_Log4j] - User_01_Register - STEP 07: clickToRegisterButton 
[24-02-2025 12:30:36.769 INFO com.nopcommerce.account.Level_14_Log4j] - User_01_Register - STEP 08: getRegisterSuccessMessageText 
[24-02-2025 12:30:43.734 INFO com.nopcommerce.account.Level_14_Log4j] - User_01_Register - STEP 01: openRegisterPage
[24-02-2025 12:30:43.875 INFO com.nopcommerce.account.Level_14_Log4j] - User_01_Register - STEP 02: enterToFirstNameTextBox John
[24-02-2025 12:30:43.968 INFO com.nopcommerce.account.Level_14_Log4j] - User_01_Register - STEP 03: enterToLasttNameTextBox Philip
[24-02-2025 12:30:44.014 INFO com.nopcommerce.account.Level_14_Log4j] - User_01_Register - STEP 04: enterToEmailTextBox John73931@kennedy.us
[24-02-2025 12:30:44.076 INFO com.nopcommerce.account.Level_14_Log4j] - User_01_Register - STEP 05: enterToPasswordTextBox Aa@123456
[24-02-2025 12:30:44.122 INFO com.nopcommerce.account.Level_14_Log4j] - User_01_Register - STEP 06: enterToconfirmPasswordTextBox Aa@123456
[24-02-2025 12:30:44.171 INFO com.nopcommerce.account.Level_14_Log4j] - User_01_Register - STEP 07: clickToRegisterButton 
[24-02-2025 12:30:44.271 INFO com.nopcommerce.account.Level_14_Log4j] - User_01_Register - STEP 08: getRegisterSuccessMessageText 
[24-02-2025 12:30:54.634 INFO com.nopcommerce.account.Level_14_Log4j] - User_01_Register - STEP 01: openRegisterPage
[24-02-2025 12:30:54.735 INFO com.nopcommerce.account.Level_14_Log4j] - User_01_Register - STEP 02: enterToFirstNameTextBox John
[24-02-2025 12:30:54.833 INFO com.nopcommerce.account.Level_14_Log4j] - User_01_Register - STEP 03: enterToLasttNameTextBox Philip
[24-02-2025 12:30:54.882 INFO com.nopcommerce.account.Level_14_Log4j] - User_01_Register - STEP 04: enterToEmailTextBox John80224@kennedy.us
[24-02-2025 12:30:54.968 INFO com.nopcommerce.account.Level_14_Log4j] - User_01_Register - STEP 05: enterToPasswordTextBox Aa@123456
[24-02-2025 12:30:55.019 INFO com.nopcommerce.account.Level_14_Log4j] - User_01_Register - STEP 06: enterToconfirmPasswordTextBox Aa@123456
[24-02-2025 12:30:55.067 INFO com.nopcommerce.account.Level_14_Log4j] - User_01_Register - STEP 07: clickToRegisterButton 
[24-02-2025 12:30:55.171 INFO com.nopcommerce.account.Level_14_Log4j] - User_01_Register - STEP 08: getRegisterSuccessMessageText 
[24-02-2025 12:31:56.216 INFO com.nopcommerce.account.Level_14_Log4j] - User_01_Register - STEP 01: openRegisterPage
[24-02-2025 12:31:56.311 INFO com.nopcommerce.account.Level_14_Log4j] - User_01_Register - STEP 02: enterToFirstNameTextBox John
[24-02-2025 12:31:56.352 INFO com.nopcommerce.account.Level_14_Log4j] - User_01_Register - STEP 03: enterToLasttNameTextBox Philip
[24-02-2025 12:31:56.373 INFO com.nopcommerce.account.Level_14_Log4j] - User_01_Register - STEP 04: enterToEmailTextBox John38232@kennedy.us
[24-02-2025 12:31:56.399 INFO com.nopcommerce.account.Level_14_Log4j] - User_01_Register - STEP 05: enterToPasswordTextBox Aa@123456
[24-02-2025 12:31:56.427 INFO com.nopcommerce.account.Level_14_Log4j] - User_01_Register - STEP 06: enterToconfirmPasswordTextBox Aa@123456
[24-02-2025 12:31:56.456 INFO com.nopcommerce.account.Level_14_Log4j] - User_01_Register - STEP 07: clickToRegisterButton 
[24-02-2025 12:31:56.563 INFO com.nopcommerce.account.Level_14_Log4j] - User_01_Register - STEP 08: getRegisterSuccessMessageText 
[24-02-2025 12:31:56.581 INFO com.nopcommerce.account.Level_14_Log4j] - User_01_Register - STEP 09: clickToLogOutButton 
[24-02-2025 12:31:59.950 INFO com.nopcommerce.account.Level_14_Log4j] - User_01_Register - STEP 01: openRegisterPage
[24-02-2025 12:32:00.040 INFO com.nopcommerce.account.Level_14_Log4j] - User_01_Register - STEP 02: enterToFirstNameTextBox John
[24-02-2025 12:32:00.132 INFO com.nopcommerce.account.Level_14_Log4j] - User_01_Register - STEP 03: enterToLasttNameTextBox Philip
[24-02-2025 12:32:00.181 INFO com.nopcommerce.account.Level_14_Log4j] - User_01_Register - STEP 04: enterToEmailTextBox John41287@kennedy.us
[24-02-2025 12:32:00.229 INFO com.nopcommerce.account.Level_14_Log4j] - User_01_Register - STEP 05: enterToPasswordTextBox Aa@123456
[24-02-2025 12:32:00.278 INFO com.nopcommerce.account.Level_14_Log4j] - User_01_Register - STEP 06: enterToconfirmPasswordTextBox Aa@123456
[24-02-2025 12:32:00.327 INFO com.nopcommerce.account.Level_14_Log4j] - User_01_Register - STEP 07: clickToRegisterButton 
[24-02-2025 12:32:00.416 INFO com.nopcommerce.account.Level_14_Log4j] - User_01_Register - STEP 08: getRegisterSuccessMessageText 
[24-02-2025 12:32:00.447 INFO com.nopcommerce.account.Level_14_Log4j] - User_01_Register - STEP 09: clickToLogOutButton 
[24-02-2025 12:32:03.633 INFO com.nopcommerce.account.Level_14_Log4j] - User_01_Register - STEP 01: openRegisterPage
[24-02-2025 12:32:03.729 INFO com.nopcommerce.account.Level_14_Log4j] - User_01_Register - STEP 02: enterToFirstNameTextBox John
[24-02-2025 12:32:03.823 INFO com.nopcommerce.account.Level_14_Log4j] - User_01_Register - STEP 03: enterToLasttNameTextBox Philip
[24-02-2025 12:32:03.867 INFO com.nopcommerce.account.Level_14_Log4j] - User_01_Register - STEP 04: enterToEmailTextBox John12394@kennedy.us
[24-02-2025 12:32:03.915 INFO com.nopcommerce.account.Level_14_Log4j] - User_01_Register - STEP 05: enterToPasswordTextBox Aa@123456
[24-02-2025 12:32:03.966 INFO com.nopcommerce.account.Level_14_Log4j] - User_01_Register - STEP 06: enterToconfirmPasswordTextBox Aa@123456
[24-02-2025 12:32:04.012 INFO com.nopcommerce.account.Level_14_Log4j] - User_01_Register - STEP 07: clickToRegisterButton 
[24-02-2025 12:32:04.120 INFO com.nopcommerce.account.Level_14_Log4j] - User_01_Register - STEP 08: getRegisterSuccessMessageText 
[24-02-2025 12:32:04.141 INFO com.nopcommerce.account.Level_14_Log4j] - User_01_Register - STEP 09: clickToLogOutButton 
[24-02-2025 17:52:55.151 INFO com.nopcommerce.account.Level_14_Log4j] - User_01_Register - STEP 01: openRegisterPage
[24-02-2025 17:52:55.266 INFO com.nopcommerce.account.Level_14_Log4j] - User_01_Register - STEP 02: enterToFirstNameTextBox John
[24-02-2025 17:52:55.309 INFO com.nopcommerce.account.Level_14_Log4j] - User_01_Register - STEP 03: enterToLasttNameTextBox Philip
[24-02-2025 17:52:55.332 INFO com.nopcommerce.account.Level_14_Log4j] - User_01_Register - STEP 04: enterToEmailTextBox John28152@kennedy.us
[24-02-2025 17:52:55.357 INFO com.nopcommerce.account.Level_14_Log4j] - User_01_Register - STEP 05: enterToPasswordTextBox Aa@123456
[24-02-2025 17:52:55.386 INFO com.nopcommerce.account.Level_14_Log4j] - User_01_Register - STEP 06: enterToconfirmPasswordTextBox Aa@123456
[24-02-2025 17:52:55.409 INFO com.nopcommerce.account.Level_14_Log4j] - User_01_Register - STEP 07: clickToRegisterButton 
[24-02-2025 17:52:55.592 INFO com.nopcommerce.account.Level_14_Log4j] - User_01_Register - STEP 08: getRegisterSuccessMessageText 
[24-02-2025 17:52:55.608 INFO com.nopcommerce.account.Level_14_Log4j] - User_01_Register - STEP 09: clickToLogOutButton 
[24-02-2025 17:52:59.790 INFO com.nopcommerce.account.Level_14_Log4j] - User_01_Register - STEP 01: openRegisterPage
[24-02-2025 17:52:59.908 INFO com.nopcommerce.account.Level_14_Log4j] - User_01_Register - STEP 02: enterToFirstNameTextBox John
[24-02-2025 17:53:00.028 INFO com.nopcommerce.account.Level_14_Log4j] - User_01_Register - STEP 03: enterToLasttNameTextBox Philip
[24-02-2025 17:53:00.096 INFO com.nopcommerce.account.Level_14_Log4j] - User_01_Register - STEP 04: enterToEmailTextBox John68075@kennedy.us
[24-02-2025 17:53:00.147 INFO com.nopcommerce.account.Level_14_Log4j] - User_01_Register - STEP 05: enterToPasswordTextBox Aa@123456
[24-02-2025 17:53:00.198 INFO com.nopcommerce.account.Level_14_Log4j] - User_01_Register - STEP 06: enterToconfirmPasswordTextBox Aa@123456
[24-02-2025 17:53:00.253 INFO com.nopcommerce.account.Level_14_Log4j] - User_01_Register - STEP 07: clickToRegisterButton 
[24-02-2025 17:53:00.373 INFO com.nopcommerce.account.Level_14_Log4j] - User_01_Register - STEP 08: getRegisterSuccessMessageText 
[24-02-2025 17:53:00.396 INFO com.nopcommerce.account.Level_14_Log4j] - User_01_Register - STEP 09: clickToLogOutButton 
[24-02-2025 17:53:04.187 INFO com.nopcommerce.account.Level_14_Log4j] - User_01_Register - STEP 01: openRegisterPage
[24-02-2025 17:53:04.289 INFO com.nopcommerce.account.Level_14_Log4j] - User_01_Register - STEP 02: enterToFirstNameTextBox John
[24-02-2025 17:53:04.398 INFO com.nopcommerce.account.Level_14_Log4j] - User_01_Register - STEP 03: enterToLasttNameTextBox Philip
[24-02-2025 17:53:04.448 INFO com.nopcommerce.account.Level_14_Log4j] - User_01_Register - STEP 04: enterToEmailTextBox John48503@kennedy.us
[24-02-2025 17:53:04.498 INFO com.nopcommerce.account.Level_14_Log4j] - User_01_Register - STEP 05: enterToPasswordTextBox Aa@123456
[24-02-2025 17:53:04.558 INFO com.nopcommerce.account.Level_14_Log4j] - User_01_Register - STEP 06: enterToconfirmPasswordTextBox Aa@123456
[24-02-2025 17:53:04.605 INFO com.nopcommerce.account.Level_14_Log4j] - User_01_Register - STEP 07: clickToRegisterButton 
[24-02-2025 17:53:04.739 INFO com.nopcommerce.account.Level_14_Log4j] - User_01_Register - STEP 08: getRegisterSuccessMessageText 
[24-02-2025 17:53:04.759 INFO com.nopcommerce.account.Level_14_Log4j] - User_01_Register - STEP 09: clickToLogOutButton 
[25-02-2025 23:08:45.388 INFO com.nopcommerce.account.Level_14_Log4j] - User_01_Register - STEP 01: openRegisterPage
[25-02-2025 23:08:45.486 INFO com.nopcommerce.account.Level_14_Log4j] - User_01_Register - STEP 02: enterToFirstNameTextBox John
[25-02-2025 23:08:45.534 INFO com.nopcommerce.account.Level_14_Log4j] - User_01_Register - STEP 03: enterToLasttNameTextBox Philip
[25-02-2025 23:08:45.557 INFO com.nopcommerce.account.Level_14_Log4j] - User_01_Register - STEP 04: enterToEmailTextBox John25861@kennedy.us
[25-02-2025 23:08:45.581 INFO com.nopcommerce.account.Level_14_Log4j] - User_01_Register - STEP 05: enterToPasswordTextBox Aa@123456
[25-02-2025 23:08:45.609 INFO com.nopcommerce.account.Level_14_Log4j] - User_01_Register - STEP 06: enterToconfirmPasswordTextBox Aa@123456
[25-02-2025 23:08:45.632 INFO com.nopcommerce.account.Level_14_Log4j] - User_01_Register - STEP 07: clickToRegisterButton 
[25-02-2025 23:08:45.809 INFO com.nopcommerce.account.Level_14_Log4j] - User_01_Register - STEP 08: getRegisterSuccessMessageText 
[25-02-2025 23:08:45.825 INFO com.nopcommerce.account.Level_14_Log4j] - User_01_Register - STEP 09: clickToLogOutButton 
[25-02-2025 23:08:49.938 INFO com.nopcommerce.account.Level_14_Log4j] - User_01_Register - STEP 01: openRegisterPage
[25-02-2025 23:08:50.026 INFO com.nopcommerce.account.Level_14_Log4j] - User_01_Register - STEP 02: enterToFirstNameTextBox John
[25-02-2025 23:08:50.123 INFO com.nopcommerce.account.Level_14_Log4j] - User_01_Register - STEP 03: enterToLasttNameTextBox Philip
[25-02-2025 23:08:50.172 INFO com.nopcommerce.account.Level_14_Log4j] - User_01_Register - STEP 04: enterToEmailTextBox John46244@kennedy.us
[25-02-2025 23:08:50.219 INFO com.nopcommerce.account.Level_14_Log4j] - User_01_Register - STEP 05: enterToPasswordTextBox Aa@123456
[25-02-2025 23:08:50.268 INFO com.nopcommerce.account.Level_14_Log4j] - User_01_Register - STEP 06: enterToconfirmPasswordTextBox Aa@123456
[25-02-2025 23:08:50.315 INFO com.nopcommerce.account.Level_14_Log4j] - User_01_Register - STEP 07: clickToRegisterButton 
[25-02-2025 23:08:50.419 INFO com.nopcommerce.account.Level_14_Log4j] - User_01_Register - STEP 08: getRegisterSuccessMessageText 
[25-02-2025 23:08:50.440 INFO com.nopcommerce.account.Level_14_Log4j] - User_01_Register - STEP 09: clickToLogOutButton 
[25-02-2025 23:08:55.123 INFO com.nopcommerce.account.Level_14_Log4j] - User_01_Register - STEP 01: openRegisterPage
[25-02-2025 23:08:55.219 INFO com.nopcommerce.account.Level_14_Log4j] - User_01_Register - STEP 02: enterToFirstNameTextBox John
[25-02-2025 23:08:55.330 INFO com.nopcommerce.account.Level_14_Log4j] - User_01_Register - STEP 03: enterToLasttNameTextBox Philip
[25-02-2025 23:08:55.376 INFO com.nopcommerce.account.Level_14_Log4j] - User_01_Register - STEP 04: enterToEmailTextBox John5349@kennedy.us
[25-02-2025 23:08:55.424 INFO com.nopcommerce.account.Level_14_Log4j] - User_01_Register - STEP 05: enterToPasswordTextBox Aa@123456
[25-02-2025 23:08:55.474 INFO com.nopcommerce.account.Level_14_Log4j] - User_01_Register - STEP 06: enterToconfirmPasswordTextBox Aa@123456
[25-02-2025 23:08:55.519 INFO com.nopcommerce.account.Level_14_Log4j] - User_01_Register - STEP 07: clickToRegisterButton 
[25-02-2025 23:08:55.622 INFO com.nopcommerce.account.Level_14_Log4j] - User_01_Register - STEP 08: getRegisterSuccessMessageText 
[25-02-2025 23:08:55.642 INFO com.nopcommerce.account.Level_14_Log4j] - User_01_Register - STEP 09: clickToLogOutButton 
[25-02-2025 23:09:45.788 INFO com.nopcommerce.account.Level_14_Log4j] - User_01_Register - STEP 01: openRegisterPage
[25-02-2025 23:09:45.880 INFO com.nopcommerce.account.Level_14_Log4j] - User_01_Register - STEP 02: enterToFirstNameTextBox John
[25-02-2025 23:09:45.921 INFO com.nopcommerce.account.Level_14_Log4j] - User_01_Register - STEP 03: enterToLasttNameTextBox Philip
[25-02-2025 23:09:45.944 INFO com.nopcommerce.account.Level_14_Log4j] - User_01_Register - STEP 04: enterToEmailTextBox John10190@kennedy.us
[25-02-2025 23:09:45.969 INFO com.nopcommerce.account.Level_14_Log4j] - User_01_Register - STEP 05: enterToPasswordTextBox Aa@123456
[25-02-2025 23:09:46.006 INFO com.nopcommerce.account.Level_14_Log4j] - User_01_Register - STEP 06: enterToconfirmPasswordTextBox Aa@123456
[25-02-2025 23:09:46.029 INFO com.nopcommerce.account.Level_14_Log4j] - User_01_Register - STEP 07: clickToRegisterButton 
[25-02-2025 23:09:46.139 INFO com.nopcommerce.account.Level_14_Log4j] - User_01_Register - STEP 08: getRegisterSuccessMessageText 
[25-02-2025 23:09:46.187 INFO com.nopcommerce.account.Level_14_Log4j] - User_01_Register - STEP 09: clickToLogOutButton 
[25-02-2025 23:09:49.551 INFO com.nopcommerce.account.Level_14_Log4j] - User_01_Register - STEP 01: openRegisterPage
[25-02-2025 23:09:49.651 INFO com.nopcommerce.account.Level_14_Log4j] - User_01_Register - STEP 02: enterToFirstNameTextBox John
[25-02-2025 23:09:49.747 INFO com.nopcommerce.account.Level_14_Log4j] - User_01_Register - STEP 03: enterToLasttNameTextBox Philip
[25-02-2025 23:09:49.794 INFO com.nopcommerce.account.Level_14_Log4j] - User_01_Register - STEP 04: enterToEmailTextBox John94415@kennedy.us
[25-02-2025 23:09:49.862 INFO com.nopcommerce.account.Level_14_Log4j] - User_01_Register - STEP 05: enterToPasswordTextBox Aa@123456
[25-02-2025 23:09:49.909 INFO com.nopcommerce.account.Level_14_Log4j] - User_01_Register - STEP 06: enterToconfirmPasswordTextBox Aa@123456
[25-02-2025 23:09:49.957 INFO com.nopcommerce.account.Level_14_Log4j] - User_01_Register - STEP 07: clickToRegisterButton 
[25-02-2025 23:09:50.041 INFO com.nopcommerce.account.Level_14_Log4j] - User_01_Register - STEP 08: getRegisterSuccessMessageText 
[25-02-2025 23:09:50.073 INFO com.nopcommerce.account.Level_14_Log4j] - User_01_Register - STEP 09: clickToLogOutButton 
[25-02-2025 23:09:53.437 INFO com.nopcommerce.account.Level_14_Log4j] - User_01_Register - STEP 01: openRegisterPage
[25-02-2025 23:09:53.539 INFO com.nopcommerce.account.Level_14_Log4j] - User_01_Register - STEP 02: enterToFirstNameTextBox John
[25-02-2025 23:09:53.635 INFO com.nopcommerce.account.Level_14_Log4j] - User_01_Register - STEP 03: enterToLasttNameTextBox Philip
[25-02-2025 23:09:53.683 INFO com.nopcommerce.account.Level_14_Log4j] - User_01_Register - STEP 04: enterToEmailTextBox John77548@kennedy.us
[25-02-2025 23:09:53.731 INFO com.nopcommerce.account.Level_14_Log4j] - User_01_Register - STEP 05: enterToPasswordTextBox Aa@123456
[25-02-2025 23:09:53.782 INFO com.nopcommerce.account.Level_14_Log4j] - User_01_Register - STEP 06: enterToconfirmPasswordTextBox Aa@123456
[25-02-2025 23:09:53.828 INFO com.nopcommerce.account.Level_14_Log4j] - User_01_Register - STEP 07: clickToRegisterButton 
[25-02-2025 23:09:53.931 INFO com.nopcommerce.account.Level_14_Log4j] - User_01_Register - STEP 08: getRegisterSuccessMessageText 
[25-02-2025 23:09:53.951 INFO com.nopcommerce.account.Level_14_Log4j] - User_01_Register - STEP 09: clickToLogOutButton 
[25-02-2025 23:11:51.973 INFO com.nopcommerce.account.Level_14_Log4j] - User_01_Register - STEP 01: openRegisterPage
[25-02-2025 23:11:52.066 INFO com.nopcommerce.account.Level_14_Log4j] - User_01_Register - STEP 02: enterToFirstNameTextBox John
[25-02-2025 23:11:52.105 INFO com.nopcommerce.account.Level_14_Log4j] - User_01_Register - STEP 03: enterToLasttNameTextBox Philip
[25-02-2025 23:11:52.131 INFO com.nopcommerce.account.Level_14_Log4j] - User_01_Register - STEP 04: enterToEmailTextBox John46@kennedy.us
[25-02-2025 23:11:52.161 INFO com.nopcommerce.account.Level_14_Log4j] - User_01_Register - STEP 05: enterToPasswordTextBox Aa@123456
[25-02-2025 23:11:52.194 INFO com.nopcommerce.account.Level_14_Log4j] - User_01_Register - STEP 06: enterToconfirmPasswordTextBox Aa@123456
[25-02-2025 23:11:52.224 INFO com.nopcommerce.account.Level_14_Log4j] - User_01_Register - STEP 07: clickToRegisterButton 
[25-02-2025 23:11:52.328 INFO com.nopcommerce.account.Level_14_Log4j] - User_01_Register - STEP 08: getRegisterSuccessMessageText 
[25-02-2025 23:11:52.343 INFO com.nopcommerce.account.Level_14_Log4j] - User_01_Register - STEP 09: clickToLogOutButton 
[25-02-2025 23:11:55.828 INFO com.nopcommerce.account.Level_14_Log4j] - User_01_Register - STEP 01: openRegisterPage
[25-02-2025 23:11:55.910 INFO com.nopcommerce.account.Level_14_Log4j] - User_01_Register - STEP 02: enterToFirstNameTextBox John
[25-02-2025 23:11:56.004 INFO com.nopcommerce.account.Level_14_Log4j] - User_01_Register - STEP 03: enterToLasttNameTextBox Philip
[25-02-2025 23:11:56.050 INFO com.nopcommerce.account.Level_14_Log4j] - User_01_Register - STEP 04: enterToEmailTextBox John39960@kennedy.us
[25-02-2025 23:11:56.119 INFO com.nopcommerce.account.Level_14_Log4j] - User_01_Register - STEP 05: enterToPasswordTextBox Aa@123456
[25-02-2025 23:11:56.170 INFO com.nopcommerce.account.Level_14_Log4j] - User_01_Register - STEP 06: enterToconfirmPasswordTextBox Aa@123456
[25-02-2025 23:11:56.217 INFO com.nopcommerce.account.Level_14_Log4j] - User_01_Register - STEP 07: clickToRegisterButton 
[25-02-2025 23:11:56.306 INFO com.nopcommerce.account.Level_14_Log4j] - User_01_Register - STEP 08: getRegisterSuccessMessageText 
[25-02-2025 23:11:56.337 INFO com.nopcommerce.account.Level_14_Log4j] - User_01_Register - STEP 09: clickToLogOutButton 
[25-02-2025 23:11:59.777 INFO com.nopcommerce.account.Level_14_Log4j] - User_01_Register - STEP 01: openRegisterPage
[25-02-2025 23:11:59.872 INFO com.nopcommerce.account.Level_14_Log4j] - User_01_Register - STEP 02: enterToFirstNameTextBox John
[25-02-2025 23:11:59.972 INFO com.nopcommerce.account.Level_14_Log4j] - User_01_Register - STEP 03: enterToLasttNameTextBox Philip
[25-02-2025 23:12:00.021 INFO com.nopcommerce.account.Level_14_Log4j] - User_01_Register - STEP 04: enterToEmailTextBox John12423@kennedy.us
[25-02-2025 23:12:00.084 INFO com.nopcommerce.account.Level_14_Log4j] - User_01_Register - STEP 05: enterToPasswordTextBox Aa@123456
[25-02-2025 23:12:00.138 INFO com.nopcommerce.account.Level_14_Log4j] - User_01_Register - STEP 06: enterToconfirmPasswordTextBox Aa@123456
[25-02-2025 23:12:00.183 INFO com.nopcommerce.account.Level_14_Log4j] - User_01_Register - STEP 07: clickToRegisterButton 
[25-02-2025 23:12:00.289 INFO com.nopcommerce.account.Level_14_Log4j] - User_01_Register - STEP 08: getRegisterSuccessMessageText 
[25-02-2025 23:12:00.312 INFO com.nopcommerce.account.Level_14_Log4j] - User_01_Register - STEP 09: clickToLogOutButton 
