[22-01-2025 22:57:10.830 INFO com.nopcommerce.account.Level_14_Log4j] - User_01_Register - STEP 01: openRegisterPage
[22-01-2025 22:57:11.454 INFO com.nopcommerce.account.Level_14_Log4j] - User_01_Register - STEP 02: enterToFirstNameTextBox John
[22-01-2025 22:57:11.494 INFO com.nopcommerce.account.Level_14_Log4j] - User_01_Register - STEP 03: enterToLasttNameTextBox Philip
[22-01-2025 22:57:11.516 INFO com.nopcommerce.account.Level_14_Log4j] - User_01_Register - STEP 04: enterToEmailTextBox John44027@kennedy.us
[22-01-2025 22:57:11.541 INFO com.nopcommerce.account.Level_14_Log4j] - User_01_Register - STEP 05: enterToPasswordTextBox Aa@123456
[22-01-2025 22:57:11.563 INFO com.nopcommerce.account.Level_14_Log4j] - User_01_Register - STEP 06: enterToconfirmPasswordTextBox Aa@123456
[22-01-2025 22:57:11.586 INFO com.nopcommerce.account.Level_14_Log4j] - User_01_Register - STEP 07: clickToRegisterButton 
[22-01-2025 22:57:11.941 INFO com.nopcommerce.account.Level_14_Log4j] - User_01_Register - STEP 08: getRegisterSuccessMessageText 
[22-01-2025 22:57:15.994 INFO com.nopcommerce.account.Level_14_Log4j] - User_01_Register - STEP 01: openRegisterPage
[22-01-2025 22:57:16.087 INFO com.nopcommerce.account.Level_14_Log4j] - User_01_Register - STEP 02: enterToFirstNameTextBox John
[22-01-2025 22:57:16.198 INFO com.nopcommerce.account.Level_14_Log4j] - User_01_Register - STEP 03: enterToLasttNameTextBox Philip
[22-01-2025 22:57:16.248 INFO com.nopcommerce.account.Level_14_Log4j] - User_01_Register - STEP 04: enterToEmailTextBox John24217@kennedy.us
[22-01-2025 22:57:16.302 INFO com.nopcommerce.account.Level_14_Log4j] - User_01_Register - STEP 05: enterToPasswordTextBox Aa@123456
[22-01-2025 22:57:16.352 INFO com.nopcommerce.account.Level_14_Log4j] - User_01_Register - STEP 06: enterToconfirmPasswordTextBox Aa@123456
[22-01-2025 22:57:16.402 INFO com.nopcommerce.account.Level_14_Log4j] - User_01_Register - STEP 07: clickToRegisterButton 
[22-01-2025 22:57:16.520 INFO com.nopcommerce.account.Level_14_Log4j] - User_01_Register - STEP 08: getRegisterSuccessMessageText 
[22-01-2025 22:57:20.166 INFO com.nopcommerce.account.Level_14_Log4j] - User_01_Register - STEP 01: openRegisterPage
[22-01-2025 22:57:20.267 INFO com.nopcommerce.account.Level_14_Log4j] - User_01_Register - STEP 02: enterToFirstNameTextBox John
[22-01-2025 22:57:20.366 INFO com.nopcommerce.account.Level_14_Log4j] - User_01_Register - STEP 03: enterToLasttNameTextBox Philip
[22-01-2025 22:57:20.416 INFO com.nopcommerce.account.Level_14_Log4j] - User_01_Register - STEP 04: enterToEmailTextBox John60281@kennedy.us
[22-01-2025 22:57:20.467 INFO com.nopcommerce.account.Level_14_Log4j] - User_01_Register - STEP 05: enterToPasswordTextBox Aa@123456
[22-01-2025 22:57:20.518 INFO com.nopcommerce.account.Level_14_Log4j] - User_01_Register - STEP 06: enterToconfirmPasswordTextBox Aa@123456
[22-01-2025 22:57:20.564 INFO com.nopcommerce.account.Level_14_Log4j] - User_01_Register - STEP 07: clickToRegisterButton 
[22-01-2025 22:57:20.679 INFO com.nopcommerce.account.Level_14_Log4j] - User_01_Register - STEP 08: getRegisterSuccessMessageText 
