[24-02-2025 12:30:35.634 INFO com.nopcommerce.account.Level_14_Log4j] - User_01_Register - STEP 01: openRegisterPage
[24-02-2025 12:30:36.254 INFO com.nopcommerce.account.Level_14_Log4j] - User_01_Register - STEP 02: enterToFirstNameTextBox John
[24-02-2025 12:30:36.295 INFO com.nopcommerce.account.Level_14_Log4j] - User_01_Register - STEP 03: enterToLasttNameTextBox Philip
[24-02-2025 12:30:36.319 INFO com.nopcommerce.account.Level_14_Log4j] - User_01_Register - STEP 04: enterToEmailTextBox John54855@kennedy.us
[24-02-2025 12:30:36.343 INFO com.nopcommerce.account.Level_14_Log4j] - User_01_Register - STEP 05: enterToPasswordTextBox Aa@123456
[24-02-2025 12:30:36.398 INFO com.nopcommerce.account.Level_14_Log4j] - User_01_Register - STEP 06: enterToconfirmPasswordTextBox Aa@123456
[24-02-2025 12:30:36.429 INFO com.nopcommerce.account.Level_14_Log4j] - User_01_Register - STEP 07: clickToRegisterButton 
[24-02-2025 12:30:36.769 INFO com.nopcommerce.account.Level_14_Log4j] - User_01_Register - STEP 08: getRegisterSuccessMessageText 
[24-02-2025 12:30:43.734 INFO com.nopcommerce.account.Level_14_Log4j] - User_01_Register - STEP 01: openRegisterPage
[24-02-2025 12:30:43.875 INFO com.nopcommerce.account.Level_14_Log4j] - User_01_Register - STEP 02: enterToFirstNameTextBox John
[24-02-2025 12:30:43.968 INFO com.nopcommerce.account.Level_14_Log4j] - User_01_Register - STEP 03: enterToLasttNameTextBox Philip
[24-02-2025 12:30:44.014 INFO com.nopcommerce.account.Level_14_Log4j] - User_01_Register - STEP 04: enterToEmailTextBox John73931@kennedy.us
[24-02-2025 12:30:44.076 INFO com.nopcommerce.account.Level_14_Log4j] - User_01_Register - STEP 05: enterToPasswordTextBox Aa@123456
[24-02-2025 12:30:44.122 INFO com.nopcommerce.account.Level_14_Log4j] - User_01_Register - STEP 06: enterToconfirmPasswordTextBox Aa@123456
[24-02-2025 12:30:44.171 INFO com.nopcommerce.account.Level_14_Log4j] - User_01_Register - STEP 07: clickToRegisterButton 
[24-02-2025 12:30:44.271 INFO com.nopcommerce.account.Level_14_Log4j] - User_01_Register - STEP 08: getRegisterSuccessMessageText 
[24-02-2025 12:30:54.634 INFO com.nopcommerce.account.Level_14_Log4j] - User_01_Register - STEP 01: openRegisterPage
[24-02-2025 12:30:54.735 INFO com.nopcommerce.account.Level_14_Log4j] - User_01_Register - STEP 02: enterToFirstNameTextBox John
[24-02-2025 12:30:54.833 INFO com.nopcommerce.account.Level_14_Log4j] - User_01_Register - STEP 03: enterToLasttNameTextBox Philip
[24-02-2025 12:30:54.882 INFO com.nopcommerce.account.Level_14_Log4j] - User_01_Register - STEP 04: enterToEmailTextBox John80224@kennedy.us
[24-02-2025 12:30:54.968 INFO com.nopcommerce.account.Level_14_Log4j] - User_01_Register - STEP 05: enterToPasswordTextBox Aa@123456
[24-02-2025 12:30:55.019 INFO com.nopcommerce.account.Level_14_Log4j] - User_01_Register - STEP 06: enterToconfirmPasswordTextBox Aa@123456
[24-02-2025 12:30:55.067 INFO com.nopcommerce.account.Level_14_Log4j] - User_01_Register - STEP 07: clickToRegisterButton 
[24-02-2025 12:30:55.171 INFO com.nopcommerce.account.Level_14_Log4j] - User_01_Register - STEP 08: getRegisterSuccessMessageText 
